0 verbose cli D:\Program Files\nodejs\node.exe D:\Program Files\nodejs\node_modules\npm\bin\npm-cli.js
1 info using npm@11.6.2
2 info using node@v24.11.1
3 silly config load:file:D:\Program Files\nodejs\node_modules\npm\npmrc
4 silly config load:file:D:\Project\my-start-blog\.npmrc
5 silly config load:file:C:\Users\17802\.npmrc
6 silly config load:file:C:\Users\17802\AppData\Roaming\npm\etc\npmrc
7 verbose title npm install marked dompurify
8 verbose argv "install" "marked" "dompurify" "--registry" "https://registry.npmjs.org" "--cache" ".npm-cache" "--no-audit" "--no-fund"
9 verbose logfile logs-max:10 dir:D:\Project\my-start-blog\.npm-cache\_logs\2026-04-15T06_03_54_179Z-
10 verbose logfile D:\Project\my-start-blog\.npm-cache\_logs\2026-04-15T06_03_54_179Z-debug-0.log
11 silly logfile done cleaning log files
12 silly packumentCache heap:4496293888 maxSize:1124073472 maxEntrySize:562036736
13 silly idealTree buildDeps
14 silly fetch manifest marked@*
15 silly packumentCache full:https://registry.npmjs.org/marked cache-miss
16 verbose shrinkwrap failed to load node_modules/.package-lock.json out of date, updated: node_modules
17 http fetch GET 200 https://registry.npmjs.org/marked 1395ms (cache miss)
18 silly fetch manifest dompurify@*
19 silly packumentCache full:https://registry.npmjs.org/dompurify cache-miss
20 http fetch GET 200 https://registry.npmjs.org/dompurify 346ms (cache miss)
21 silly placeDep ROOT dompurify@ OK for: my-start-blog@0.1.0 want: *
22 silly placeDep ROOT marked@ OK for: my-start-blog@0.1.0 want: *
23 verbose type system
24 verbose stack FetchError: Invalid response body while trying to fetch https://registry.npmjs.org/dompurify: EPERM: operation not permitted, unlink 'D:\Project\my-start-blog\.npm-cache\_cacache\tmp\ed6c37c7'
24 verbose stack     at D:\Program Files\nodejs\node_modules\npm\node_modules\minipass-fetch\lib\body.js:170:15
24 verbose stack     at async Response.json (D:\Program Files\nodejs\node_modules\npm\node_modules\minipass-fetch\lib\body.js:75:17)
24 verbose stack     at async RegistryFetcher.packument (D:\Program Files\nodejs\node_modules\npm\node_modules\pacote\lib\registry.js:98:25)
24 verbose stack     at async RegistryFetcher.manifest (D:\Program Files\nodejs\node_modules\npm\node_modules\pacote\lib\registry.js:128:23)
24 verbose stack     at async #fetchManifest (D:\Program Files\nodejs\node_modules\npm\node_modules\@npmcli\arborist\lib\arborist\build-ideal-tree.js:1227:20)
24 verbose stack     at async #nodeFromEdge (D:\Program Files\nodejs\node_modules\npm\node_modules\@npmcli\arborist\lib\arborist\build-ideal-tree.js:1065:19)
24 verbose stack     at async #buildDepStep (D:\Program Files\nodejs\node_modules\npm\node_modules\@npmcli\arborist\lib\arborist\build-ideal-tree.js:929:11)
24 verbose stack     at async Arborist.buildIdealTree (D:\Program Files\nodejs\node_modules\npm\node_modules\@npmcli\arborist\lib\arborist\build-ideal-tree.js:182:7)
24 verbose stack     at async Promise.all (index 1)
24 verbose stack     at async Arborist.reify (D:\Program Files\nodejs\node_modules\npm\node_modules\@npmcli\arborist\lib\arborist\reify.js:114:5)
25 error code EPERM
26 error syscall unlink
27 error path D:\Project\my-start-blog\.npm-cache\_cacache\tmp\ed6c37c7
28 error errno EPERM
29 error FetchError: Invalid response body while trying to fetch https://registry.npmjs.org/dompurify: EPERM: operation not permitted, unlink 'D:\Project\my-start-blog\.npm-cache\_cacache\tmp\ed6c37c7'
29 error     at D:\Program Files\nodejs\node_modules\npm\node_modules\minipass-fetch\lib\body.js:170:15
29 error     at async Response.json (D:\Program Files\nodejs\node_modules\npm\node_modules\minipass-fetch\lib\body.js:75:17)
29 error     at async RegistryFetcher.packument (D:\Program Files\nodejs\node_modules\npm\node_modules\pacote\lib\registry.js:98:25)
29 error     at async RegistryFetcher.manifest (D:\Program Files\nodejs\node_modules\npm\node_modules\pacote\lib\registry.js:128:23)
29 error     at async #fetchManifest (D:\Program Files\nodejs\node_modules\npm\node_modules\@npmcli\arborist\lib\arborist\build-ideal-tree.js:1227:20)
29 error     at async #nodeFromEdge (D:\Program Files\nodejs\node_modules\npm\node_modules\@npmcli\arborist\lib\arborist\build-ideal-tree.js:1065:19)
29 error     at async #buildDepStep (D:\Program Files\nodejs\node_modules\npm\node_modules\@npmcli\arborist\lib\arborist\build-ideal-tree.js:929:11)
29 error     at async Arborist.buildIdealTree (D:\Program Files\nodejs\node_modules\npm\node_modules\@npmcli\arborist\lib\arborist\build-ideal-tree.js:182:7)
29 error     at async Promise.all (index 1)
29 error     at async Arborist.reify (D:\Program Files\nodejs\node_modules\npm\node_modules\@npmcli\arborist\lib\arborist\reify.js:114:5) {
29 error   code: 'EPERM',
29 error   errno: 'EPERM',
29 error   syscall: 'unlink',
29 error   path: 'D:\\Project\\my-start-blog\\.npm-cache\\_cacache\\tmp\\ed6c37c7',
29 error   type: 'system',
29 error   requiredBy: '.'
29 error }
30 error
30 error The operation was rejected by your operating system.
30 error It's possible that the file was already in use (by a text editor or antivirus),
30 error or that you lack permissions to access it.
30 error
30 error If you believe this might be a permissions issue, please double-check the
30 error permissions of the file and its containing directories, or try running
30 error the command again as root/Administrator.
31 silly unfinished npm timer reify 1776233036452
32 silly unfinished npm timer reify:loadTrees 1776233036454
33 verbose cwd D:\Project\my-start-blog
34 verbose os Windows_NT 10.0.26200
35 verbose node v24.11.1
36 verbose npm  v11.6.2
37 verbose exit 1
38 verbose code 1
39 error A complete log of this run can be found in: D:\Project\my-start-blog\.npm-cache\_logs\2026-04-15T06_03_54_179Z-debug-0.log
