0 verbose cli D:\Program Files\nodejs\node.exe D:\Program Files\nodejs\node_modules\npm\bin\npm-cli.js
1 info using npm@11.6.2
2 info using node@v24.11.1
3 silly config load:file:D:\Program Files\nodejs\node_modules\npm\npmrc
4 silly config load:file:D:\Project\my-start-blog\.npmrc
5 silly config load:file:C:\Users\17802\.npmrc
6 silly config load:file:C:\Users\17802\AppData\Roaming\npm\etc\npmrc
7 verbose title npm install marked dompurify
8 verbose argv "install" "--cache" ".npm-cache" "marked" "dompurify"
9 verbose logfile logs-max:10 dir:D:\Project\my-start-blog\.npm-cache\_logs\2026-04-15T06_00_38_463Z-
10 verbose logfile D:\Project\my-start-blog\.npm-cache\_logs\2026-04-15T06_00_38_463Z-debug-0.log
11 silly logfile done cleaning log files
12 silly packumentCache heap:4496293888 maxSize:1124073472 maxEntrySize:562036736
13 silly idealTree buildDeps
14 silly fetch manifest marked@*
15 silly packumentCache full:https://registry.npmmirror.com/marked cache-miss
16 http fetch GET 200 https://registry.npmmirror.com/marked 383ms (cache miss)
17 silly fetch manifest dompurify@*
18 silly packumentCache full:https://registry.npmmirror.com/dompurify cache-miss
19 http fetch GET 200 https://registry.npmmirror.com/dompurify 117ms (cache miss)
20 silly placeDep ROOT dompurify@ OK for: my-start-blog@0.1.0 want: *
21 silly placeDep ROOT marked@ OK for: my-start-blog@0.1.0 want: *
22 verbose type system
23 verbose stack FetchError: Invalid response body while trying to fetch https://registry.npmmirror.com/dompurify: EPERM: operation not permitted, unlink 'D:\Project\my-start-blog\.npm-cache\_cacache\tmp\02231ea5'
23 verbose stack     at D:\Program Files\nodejs\node_modules\npm\node_modules\minipass-fetch\lib\body.js:170:15
23 verbose stack     at async Response.json (D:\Program Files\nodejs\node_modules\npm\node_modules\minipass-fetch\lib\body.js:75:17)
23 verbose stack     at async RegistryFetcher.packument (D:\Program Files\nodejs\node_modules\npm\node_modules\pacote\lib\registry.js:98:25)
23 verbose stack     at async RegistryFetcher.manifest (D:\Program Files\nodejs\node_modules\npm\node_modules\pacote\lib\registry.js:128:23)
23 verbose stack     at async #fetchManifest (D:\Program Files\nodejs\node_modules\npm\node_modules\@npmcli\arborist\lib\arborist\build-ideal-tree.js:1227:20)
23 verbose stack     at async #nodeFromEdge (D:\Program Files\nodejs\node_modules\npm\node_modules\@npmcli\arborist\lib\arborist\build-ideal-tree.js:1065:19)
23 verbose stack     at async #buildDepStep (D:\Program Files\nodejs\node_modules\npm\node_modules\@npmcli\arborist\lib\arborist\build-ideal-tree.js:929:11)
23 verbose stack     at async Arborist.buildIdealTree (D:\Program Files\nodejs\node_modules\npm\node_modules\@npmcli\arborist\lib\arborist\build-ideal-tree.js:182:7)
23 verbose stack     at async Promise.all (index 1)
23 verbose stack     at async Arborist.reify (D:\Program Files\nodejs\node_modules\npm\node_modules\@npmcli\arborist\lib\arborist\reify.js:114:5)
24 error code EPERM
25 error syscall unlink
26 error path D:\Project\my-start-blog\.npm-cache\_cacache\tmp\02231ea5
27 error errno EPERM
28 error FetchError: Invalid response body while trying to fetch https://registry.npmmirror.com/dompurify: EPERM: operation not permitted, unlink 'D:\Project\my-start-blog\.npm-cache\_cacache\tmp\02231ea5'
28 error     at D:\Program Files\nodejs\node_modules\npm\node_modules\minipass-fetch\lib\body.js:170:15
28 error     at async Response.json (D:\Program Files\nodejs\node_modules\npm\node_modules\minipass-fetch\lib\body.js:75:17)
28 error     at async RegistryFetcher.packument (D:\Program Files\nodejs\node_modules\npm\node_modules\pacote\lib\registry.js:98:25)
28 error     at async RegistryFetcher.manifest (D:\Program Files\nodejs\node_modules\npm\node_modules\pacote\lib\registry.js:128:23)
28 error     at async #fetchManifest (D:\Program Files\nodejs\node_modules\npm\node_modules\@npmcli\arborist\lib\arborist\build-ideal-tree.js:1227:20)
28 error     at async #nodeFromEdge (D:\Program Files\nodejs\node_modules\npm\node_modules\@npmcli\arborist\lib\arborist\build-ideal-tree.js:1065:19)
28 error     at async #buildDepStep (D:\Program Files\nodejs\node_modules\npm\node_modules\@npmcli\arborist\lib\arborist\build-ideal-tree.js:929:11)
28 error     at async Arborist.buildIdealTree (D:\Program Files\nodejs\node_modules\npm\node_modules\@npmcli\arborist\lib\arborist\build-ideal-tree.js:182:7)
28 error     at async Promise.all (index 1)
28 error     at async Arborist.reify (D:\Program Files\nodejs\node_modules\npm\node_modules\@npmcli\arborist\lib\arborist\reify.js:114:5) {
28 error   code: 'EPERM',
28 error   errno: 'EPERM',
28 error   syscall: 'unlink',
28 error   path: 'D:\\Project\\my-start-blog\\.npm-cache\\_cacache\\tmp\\02231ea5',
28 error   type: 'system',
28 error   requiredBy: '.'
28 error }
29 error
29 error The operation was rejected by your operating system.
29 error It's possible that the file was already in use (by a text editor or antivirus),
29 error or that you lack permissions to access it.
29 error
29 error If you believe this might be a permissions issue, please double-check the
29 error permissions of the file and its containing directories, or try running
29 error the command again as root/Administrator.
30 silly unfinished npm timer reify 1776232840629
31 silly unfinished npm timer reify:loadTrees 1776232840633
32 verbose cwd D:\Project\my-start-blog
33 verbose os Windows_NT 10.0.26200
34 verbose node v24.11.1
35 verbose npm  v11.6.2
36 verbose exit 1
37 verbose code 1
38 error A complete log of this run can be found in: D:\Project\my-start-blog\.npm-cache\_logs\2026-04-15T06_00_38_463Z-debug-0.log
