0 verbose cli D:\Program Files\nodejs\node.exe D:\Program Files\nodejs\node_modules\npm\bin\npm-cli.js
1 info using npm@11.6.2
2 info using node@v24.11.1
3 silly config load:file:D:\Program Files\nodejs\node_modules\npm\npmrc
4 silly config load:file:D:\Project\my-start-blog\.npmrc
5 silly config load:file:C:\Users\17802\.npmrc
6 silly config load:file:C:\Users\17802\AppData\Roaming\npm\etc\npmrc
7 verbose title npm install @vitejs/plugin-vue
8 verbose argv "install" "--save-dev" "@vitejs/plugin-vue" "--cache" "./.npm-cache"
9 verbose logfile logs-max:10 dir:D:\Project\my-start-blog\.npm-cache\_logs\2026-04-15T05_16_57_062Z-
10 verbose logfile D:\Project\my-start-blog\.npm-cache\_logs\2026-04-15T05_16_57_062Z-debug-0.log
11 silly logfile done cleaning log files
12 silly packumentCache heap:4496293888 maxSize:1124073472 maxEntrySize:562036736
13 silly idealTree buildDeps
14 silly fetch manifest @vitejs/plugin-vue@*
15 silly packumentCache full:https://registry.npmmirror.com/@vitejs%2fplugin-vue cache-miss
16 verbose shrinkwrap failed to load node_modules/.package-lock.json out of date, updated: node_modules
17 http fetch GET 200 https://registry.npmmirror.com/@vitejs%2fplugin-vue 296ms (cache miss)
18 silly placeDep ROOT @vitejs/plugin-vue@ OK for: my-start-blog@0.1.0 want: *
19 verbose type system
20 verbose stack FetchError: Invalid response body while trying to fetch https://registry.npmmirror.com/@vitejs%2fplugin-vue: EPERM: operation not permitted, unlink 'D:\Project\my-start-blog\.npm-cache\_cacache\tmp\db1a3fff'
20 verbose stack     at D:\Program Files\nodejs\node_modules\npm\node_modules\minipass-fetch\lib\body.js:170:15
20 verbose stack     at async Response.json (D:\Program Files\nodejs\node_modules\npm\node_modules\minipass-fetch\lib\body.js:75:17)
20 verbose stack     at async RegistryFetcher.packument (D:\Program Files\nodejs\node_modules\npm\node_modules\pacote\lib\registry.js:98:25)
20 verbose stack     at async RegistryFetcher.manifest (D:\Program Files\nodejs\node_modules\npm\node_modules\pacote\lib\registry.js:128:23)
20 verbose stack     at async #fetchManifest (D:\Program Files\nodejs\node_modules\npm\node_modules\@npmcli\arborist\lib\arborist\build-ideal-tree.js:1227:20)
20 verbose stack     at async #nodeFromEdge (D:\Program Files\nodejs\node_modules\npm\node_modules\@npmcli\arborist\lib\arborist\build-ideal-tree.js:1065:19)
20 verbose stack     at async #buildDepStep (D:\Program Files\nodejs\node_modules\npm\node_modules\@npmcli\arborist\lib\arborist\build-ideal-tree.js:929:11)
20 verbose stack     at async Arborist.buildIdealTree (D:\Program Files\nodejs\node_modules\npm\node_modules\@npmcli\arborist\lib\arborist\build-ideal-tree.js:182:7)
20 verbose stack     at async Promise.all (index 1)
20 verbose stack     at async Arborist.reify (D:\Program Files\nodejs\node_modules\npm\node_modules\@npmcli\arborist\lib\arborist\reify.js:114:5)
21 error code EPERM
22 error syscall unlink
23 error path D:\Project\my-start-blog\.npm-cache\_cacache\tmp\db1a3fff
24 error errno EPERM
25 error FetchError: Invalid response body while trying to fetch https://registry.npmmirror.com/@vitejs%2fplugin-vue: EPERM: operation not permitted, unlink 'D:\Project\my-start-blog\.npm-cache\_cacache\tmp\db1a3fff'
25 error     at D:\Program Files\nodejs\node_modules\npm\node_modules\minipass-fetch\lib\body.js:170:15
25 error     at async Response.json (D:\Program Files\nodejs\node_modules\npm\node_modules\minipass-fetch\lib\body.js:75:17)
25 error     at async RegistryFetcher.packument (D:\Program Files\nodejs\node_modules\npm\node_modules\pacote\lib\registry.js:98:25)
25 error     at async RegistryFetcher.manifest (D:\Program Files\nodejs\node_modules\npm\node_modules\pacote\lib\registry.js:128:23)
25 error     at async #fetchManifest (D:\Program Files\nodejs\node_modules\npm\node_modules\@npmcli\arborist\lib\arborist\build-ideal-tree.js:1227:20)
25 error     at async #nodeFromEdge (D:\Program Files\nodejs\node_modules\npm\node_modules\@npmcli\arborist\lib\arborist\build-ideal-tree.js:1065:19)
25 error     at async #buildDepStep (D:\Program Files\nodejs\node_modules\npm\node_modules\@npmcli\arborist\lib\arborist\build-ideal-tree.js:929:11)
25 error     at async Arborist.buildIdealTree (D:\Program Files\nodejs\node_modules\npm\node_modules\@npmcli\arborist\lib\arborist\build-ideal-tree.js:182:7)
25 error     at async Promise.all (index 1)
25 error     at async Arborist.reify (D:\Program Files\nodejs\node_modules\npm\node_modules\@npmcli\arborist\lib\arborist\reify.js:114:5) {
25 error   code: 'EPERM',
25 error   errno: 'EPERM',
25 error   syscall: 'unlink',
25 error   path: 'D:\\Project\\my-start-blog\\.npm-cache\\_cacache\\tmp\\db1a3fff',
25 error   type: 'system',
25 error   requiredBy: '.'
25 error }
26 error
26 error The operation was rejected by your operating system.
26 error It's possible that the file was already in use (by a text editor or antivirus),
26 error or that you lack permissions to access it.
26 error
26 error If you believe this might be a permissions issue, please double-check the
26 error permissions of the file and its containing directories, or try running
26 error the command again as root/Administrator.
27 silly unfinished npm timer reify 1776230218139
28 silly unfinished npm timer reify:loadTrees 1776230218141
29 verbose cwd D:\Project\my-start-blog
30 verbose os Windows_NT 10.0.26200
31 verbose node v24.11.1
32 verbose npm  v11.6.2
33 verbose exit 1
34 verbose code 1
35 error A complete log of this run can be found in: D:\Project\my-start-blog\.npm-cache\_logs\2026-04-15T05_16_57_062Z-debug-0.log
