0 verbose cli D:\Program Files\nodejs\node.exe D:\Program Files\nodejs\node_modules\npm\bin\npm-cli.js
1 info using npm@11.6.2
2 info using node@v24.11.1
3 silly config load:file:D:\Program Files\nodejs\node_modules\npm\npmrc
4 silly config load:file:D:\Project\my-start-blog\.npmrc
5 silly config load:file:C:\Users\17802\.npmrc
6 silly config load:file:C:\Users\17802\AppData\Roaming\npm\etc\npmrc
7 verbose title npm pack dompurify@3.4.0
8 verbose argv "pack" "dompurify@3.4.0" "--pack-destination" ".deps-tmp" "--cache" ".npm-cache" "--no-audit" "--no-fund"
9 verbose logfile logs-max:10 dir:D:\Project\my-start-blog\.npm-cache\_logs\2026-04-15T06_11_37_245Z-
10 verbose logfile D:\Project\my-start-blog\.npm-cache\_logs\2026-04-15T06_11_37_245Z-debug-0.log
11 silly logfile done cleaning log files
12 http fetch GET 200 https://registry.npmmirror.com/dompurify 482ms (cache miss)
13 verbose type system
14 verbose stack FetchError: Invalid response body while trying to fetch https://registry.npmmirror.com/dompurify: EPERM: operation not permitted, unlink 'D:\Project\my-start-blog\.npm-cache\_cacache\tmp\7d3c5170'
14 verbose stack     at D:\Program Files\nodejs\node_modules\npm\node_modules\minipass-fetch\lib\body.js:170:15
14 verbose stack     at async Response.json (D:\Program Files\nodejs\node_modules\npm\node_modules\minipass-fetch\lib\body.js:75:17)
14 verbose stack     at async RegistryFetcher.packument (D:\Program Files\nodejs\node_modules\npm\node_modules\pacote\lib\registry.js:98:25)
14 verbose stack     at async RegistryFetcher.manifest (D:\Program Files\nodejs\node_modules\npm\node_modules\pacote\lib\registry.js:128:23)
14 verbose stack     at async Pack.exec (D:\Program Files\nodejs\node_modules\npm\lib\commands\pack.js:39:24)
14 verbose stack     at async Npm.exec (D:\Program Files\nodejs\node_modules\npm\lib\npm.js:208:9)
14 verbose stack     at async module.exports (D:\Program Files\nodejs\node_modules\npm\lib\cli\entry.js:67:5)
15 error code EPERM
16 error syscall unlink
17 error path D:\Project\my-start-blog\.npm-cache\_cacache\tmp\7d3c5170
18 error errno EPERM
19 error FetchError: Invalid response body while trying to fetch https://registry.npmmirror.com/dompurify: EPERM: operation not permitted, unlink 'D:\Project\my-start-blog\.npm-cache\_cacache\tmp\7d3c5170'
19 error     at D:\Program Files\nodejs\node_modules\npm\node_modules\minipass-fetch\lib\body.js:170:15
19 error     at async Response.json (D:\Program Files\nodejs\node_modules\npm\node_modules\minipass-fetch\lib\body.js:75:17)
19 error     at async RegistryFetcher.packument (D:\Program Files\nodejs\node_modules\npm\node_modules\pacote\lib\registry.js:98:25)
19 error     at async RegistryFetcher.manifest (D:\Program Files\nodejs\node_modules\npm\node_modules\pacote\lib\registry.js:128:23)
19 error     at async Pack.exec (D:\Program Files\nodejs\node_modules\npm\lib\commands\pack.js:39:24)
19 error     at async Npm.exec (D:\Program Files\nodejs\node_modules\npm\lib\npm.js:208:9)
19 error     at async module.exports (D:\Program Files\nodejs\node_modules\npm\lib\cli\entry.js:67:5) {
19 error   code: 'EPERM',
19 error   errno: 'EPERM',
19 error   syscall: 'unlink',
19 error   path: 'D:\\Project\\my-start-blog\\.npm-cache\\_cacache\\tmp\\7d3c5170',
19 error   type: 'system'
19 error }
20 error
20 error The operation was rejected by your operating system.
20 error It's possible that the file was already in use (by a text editor or antivirus),
20 error or that you lack permissions to access it.
20 error
20 error If you believe this might be a permissions issue, please double-check the
20 error permissions of the file and its containing directories, or try running
20 error the command again as root/Administrator.
21 verbose cwd D:\Project\my-start-blog
22 verbose os Windows_NT 10.0.26200
23 verbose node v24.11.1
24 verbose npm  v11.6.2
25 verbose exit 1
26 verbose code 1
27 error A complete log of this run can be found in: D:\Project\my-start-blog\.npm-cache\_logs\2026-04-15T06_11_37_245Z-debug-0.log
